2021-12-23 23:46:57,836 INFO: Microblog startup [in /home/corey/Documents/Development/snippet/app/__init__.py:50]
2021-12-23 23:47:30,858 INFO: Microblog startup [in /home/corey/Documents/Development/snippet/app/__init__.py:50]
2021-12-23 23:48:37,149 INFO: Microblog startup [in /home/corey/Documents/Development/snippet/app/__init__.py:50]
2021-12-23 23:51:17,455 INFO: Microblog startup [in /home/corey/Documents/Development/snippet/app/__init__.py:50]
2021-12-23 23:52:12,873 INFO: Microblog startup [in /home/corey/Documents/Development/snippet/app/__init__.py:50]
2021-12-23 23:52:59,774 INFO: Microblog startup [in /home/corey/Documents/Development/snippet/app/__init__.py:50]
2021-12-23 23:53:36,912 INFO: Microblog startup [in /home/corey/Documents/Development/snippet/app/__init__.py:50]
2021-12-23 23:53:49,360 ERROR: Exception on /explore [GET] [in /home/corey/Documents/Development/snippet/venv/lib/python3.8/site-packages/flask/app.py:1457]
Traceback (most recent call last):
  File "/home/corey/Documents/Development/snippet/venv/lib/python3.8/site-packages/flask/app.py", line 2073, in wsgi_app
    response = self.full_dispatch_request()
  File "/home/corey/Documents/Development/snippet/venv/lib/python3.8/site-packages/flask/app.py", line 1518, in full_dispatch_request
    rv = self.handle_user_exception(e)
  File "/home/corey/Documents/Development/snippet/venv/lib/python3.8/site-packages/flask/app.py", line 1516, in full_dispatch_request
    rv = self.dispatch_request()
  File "/home/corey/Documents/Development/snippet/venv/lib/python3.8/site-packages/flask/app.py", line 1502, in dispatch_request
    return self.ensure_sync(self.view_functions[rule.endpoint])(**req.view_args)
  File "/home/corey/Documents/Development/snippet/app/routes.py", line 127, in explore
    next_url = url_for('explore',username=current_user.username, page=snips.next_num) \
AttributeError: 'AnonymousUserMixin' object has no attribute 'username'
2021-12-23 23:55:28,686 INFO: Microblog startup [in /home/corey/Documents/Development/snippet/app/__init__.py:50]
2021-12-24 00:00:05,869 INFO: Microblog startup [in /home/corey/Documents/Development/snippet/app/__init__.py:50]
